  Game.cpp
  ModeGraphique.cpp
C:\Users\Noiret\Documents\4 - Projets\4.2 - Etudes\2 - Programmation Orienté Objet\CESI_POO_JeuDeLaVie\2 - Sandbox\FileManagement-V1\FileManagement-V1\ModeGraphique.cpp(80,52): warning C4244: 'argument' : conversion de 'const int' en 'T', perte possible de données
C:\Users\Noiret\Documents\4 - Projets\4.2 - Etudes\2 - Programmation Orienté Objet\CESI_POO_JeuDeLaVie\2 - Sandbox\FileManagement-V1\FileManagement-V1\ModeGraphique.cpp(80,52): warning C4244:         with
C:\Users\Noiret\Documents\4 - Projets\4.2 - Etudes\2 - Programmation Orienté Objet\CESI_POO_JeuDeLaVie\2 - Sandbox\FileManagement-V1\FileManagement-V1\ModeGraphique.cpp(80,52): warning C4244:         [
C:\Users\Noiret\Documents\4 - Projets\4.2 - Etudes\2 - Programmation Orienté Objet\CESI_POO_JeuDeLaVie\2 - Sandbox\FileManagement-V1\FileManagement-V1\ModeGraphique.cpp(80,52): warning C4244:             T=float
C:\Users\Noiret\Documents\4 - Projets\4.2 - Etudes\2 - Programmation Orienté Objet\CESI_POO_JeuDeLaVie\2 - Sandbox\FileManagement-V1\FileManagement-V1\ModeGraphique.cpp(80,52): warning C4244:         ]
C:\Users\Noiret\Documents\4 - Projets\4.2 - Etudes\2 - Programmation Orienté Objet\CESI_POO_JeuDeLaVie\2 - Sandbox\FileManagement-V1\FileManagement-V1\ModeGraphique.cpp(80,48): warning C4244: 'argument' : conversion de 'T' en 'T', perte possible de données
C:\Users\Noiret\Documents\4 - Projets\4.2 - Etudes\2 - Programmation Orienté Objet\CESI_POO_JeuDeLaVie\2 - Sandbox\FileManagement-V1\FileManagement-V1\ModeGraphique.cpp(80,48): warning C4244:         with
C:\Users\Noiret\Documents\4 - Projets\4.2 - Etudes\2 - Programmation Orienté Objet\CESI_POO_JeuDeLaVie\2 - Sandbox\FileManagement-V1\FileManagement-V1\ModeGraphique.cpp(80,48): warning C4244:         [
C:\Users\Noiret\Documents\4 - Projets\4.2 - Etudes\2 - Programmation Orienté Objet\CESI_POO_JeuDeLaVie\2 - Sandbox\FileManagement-V1\FileManagement-V1\ModeGraphique.cpp(80,48): warning C4244:             T=unsigned int
C:\Users\Noiret\Documents\4 - Projets\4.2 - Etudes\2 - Programmation Orienté Objet\CESI_POO_JeuDeLaVie\2 - Sandbox\FileManagement-V1\FileManagement-V1\ModeGraphique.cpp(80,48): warning C4244:         ]
C:\Users\Noiret\Documents\4 - Projets\4.2 - Etudes\2 - Programmation Orienté Objet\CESI_POO_JeuDeLaVie\2 - Sandbox\FileManagement-V1\FileManagement-V1\ModeGraphique.cpp(80,48): warning C4244:         and
C:\Users\Noiret\Documents\4 - Projets\4.2 - Etudes\2 - Programmation Orienté Objet\CESI_POO_JeuDeLaVie\2 - Sandbox\FileManagement-V1\FileManagement-V1\ModeGraphique.cpp(80,48): warning C4244:         [
C:\Users\Noiret\Documents\4 - Projets\4.2 - Etudes\2 - Programmation Orienté Objet\CESI_POO_JeuDeLaVie\2 - Sandbox\FileManagement-V1\FileManagement-V1\ModeGraphique.cpp(80,48): warning C4244:             T=float
C:\Users\Noiret\Documents\4 - Projets\4.2 - Etudes\2 - Programmation Orienté Objet\CESI_POO_JeuDeLaVie\2 - Sandbox\FileManagement-V1\FileManagement-V1\ModeGraphique.cpp(80,48): warning C4244:         ]
C:\Users\Noiret\Documents\4 - Projets\4.2 - Etudes\2 - Programmation Orienté Objet\CESI_POO_JeuDeLaVie\2 - Sandbox\FileManagement-V1\FileManagement-V1\ModeGraphique.cpp(81,45): warning C4244: 'argument' : conversion de 'T' en 'float', perte possible de données
C:\Users\Noiret\Documents\4 - Projets\4.2 - Etudes\2 - Programmation Orienté Objet\CESI_POO_JeuDeLaVie\2 - Sandbox\FileManagement-V1\FileManagement-V1\ModeGraphique.cpp(81,45): warning C4244:         with
C:\Users\Noiret\Documents\4 - Projets\4.2 - Etudes\2 - Programmation Orienté Objet\CESI_POO_JeuDeLaVie\2 - Sandbox\FileManagement-V1\FileManagement-V1\ModeGraphique.cpp(81,45): warning C4244:         [
C:\Users\Noiret\Documents\4 - Projets\4.2 - Etudes\2 - Programmation Orienté Objet\CESI_POO_JeuDeLaVie\2 - Sandbox\FileManagement-V1\FileManagement-V1\ModeGraphique.cpp(81,45): warning C4244:             T=unsigned int
C:\Users\Noiret\Documents\4 - Projets\4.2 - Etudes\2 - Programmation Orienté Objet\CESI_POO_JeuDeLaVie\2 - Sandbox\FileManagement-V1\FileManagement-V1\ModeGraphique.cpp(81,45): warning C4244:         ]
C:\Users\Noiret\Documents\4 - Projets\4.2 - Etudes\2 - Programmation Orienté Objet\CESI_POO_JeuDeLaVie\2 - Sandbox\FileManagement-V1\FileManagement-V1\ModeGraphique.cpp(90,54): warning C4244: 'argument' : conversion de 'T' en 'float', perte possible de données
C:\Users\Noiret\Documents\4 - Projets\4.2 - Etudes\2 - Programmation Orienté Objet\CESI_POO_JeuDeLaVie\2 - Sandbox\FileManagement-V1\FileManagement-V1\ModeGraphique.cpp(90,54): warning C4244:         with
C:\Users\Noiret\Documents\4 - Projets\4.2 - Etudes\2 - Programmation Orienté Objet\CESI_POO_JeuDeLaVie\2 - Sandbox\FileManagement-V1\FileManagement-V1\ModeGraphique.cpp(90,54): warning C4244:         [
C:\Users\Noiret\Documents\4 - Projets\4.2 - Etudes\2 - Programmation Orienté Objet\CESI_POO_JeuDeLaVie\2 - Sandbox\FileManagement-V1\FileManagement-V1\ModeGraphique.cpp(90,54): warning C4244:             T=unsigned int
C:\Users\Noiret\Documents\4 - Projets\4.2 - Etudes\2 - Programmation Orienté Objet\CESI_POO_JeuDeLaVie\2 - Sandbox\FileManagement-V1\FileManagement-V1\ModeGraphique.cpp(90,54): warning C4244:         ]
  UnitTest_Game.cpp
  Génération de code en cours...
  FileManagement-V1.vcxproj -> C:\Users\Noiret\Documents\4 - Projets\4.2 - Etudes\2 - Programmation Orienté Objet\CESI_POO_JeuDeLaVie\2 - Sandbox\FileManagement-V1\x64\Debug\FileManagement-V1.exe
